<?xml version="1.0" encoding="utf-8"?><testsuites><testsuite name="pytest" errors="0" failures="2" skipped="1" tests="87" time="1.019" timestamp="2026-09-02T22:36:06.155715" hostname="ubbbb-FLMH-XX"><testcase classname="beidou_gazebo.test.test_beidou_transform" name="test_yaw_zero" time="0.001" /><testcase classname="beidou_gazebo.test.test_beidou_transform" name="test_robot_rotation_does_not_move_elderly_world_position" time="0.001" /><testcase classname="beidou_gazebo.test.test_beidou_transform" name="test_robot_rotation_and_elderly_world_x_movement" time="0.001" /><testcase classname="beidou_gazebo.test.test_beidou_transform" name="test_models_are_selected_by_name_not_position" time="0.000" /><testcase classname="beidou_gazebo.test.test_companion_navigation" name="test_companion_goal_keeps_distance_and_faces_elderly" time="0.000" /><testcase classname="beidou_gazebo.test.test_companion_navigation" name="test_coincident_positions_use_deterministic_fallback" time="0.000" /><testcase classname="beidou_gazebo.test.test_companion_navigation" name="test_static_elderly_at_companion_distance_needs_no_goal" time="0.000" /><testcase classname="beidou_gazebo.test.test_companion_navigation" name="test_static_elderly_does_not_replan_an_active_goal" time="0.000" /><testcase classname="beidou_gazebo.test.test_companion_navigation" name="test_distance_deviation_triggers_goal[0.5]" time="0.000" /><testcase classname="beidou_gazebo.test.test_companion_navigation" name="test_distance_deviation_triggers_goal[2.1]" time="0.000" /><testcase classname="beidou_gazebo.test.test_companion_navigation" name="test_small_elderly_movement_does_not_replan" time="0.000" /><testcase classname="beidou_gazebo.test.test_companion_navigation" name="test_elderly_movement_at_threshold_replans_active_goal" time="0.000" /><testcase classname="beidou_gazebo.test.test_companion_navigation" name="test_elderly_movement_does_not_replan_when_navigation_is_idle" time="0.000" /><testcase classname="beidou_gazebo.test.test_copyright" name="test_copyright" time="0.000"><skipped type="pytest.skip" message="No copyright header has been placed in the generated source file.">/home/ubbbb/beidou_robot_ws/src/beidou_gazebo/test/test_copyright.py:20: No copyright header has been placed in the generated source file.</skipped></testcase><testcase classname="beidou_gazebo.test.test_elderly_companion_v2" name="test_dynamic_target_is_behind_and_left_for_eastbound_motion" time="0.000" /><testcase classname="beidou_gazebo.test.test_elderly_companion_v2" name="test_dynamic_target_rotates_with_heading" time="0.000" /><testcase classname="beidou_gazebo.test.test_elderly_companion_v2" name="test_speed_limit_tracks_elderly_speed[0.2-0.25]" time="0.000" /><testcase classname="beidou_gazebo.test.test_elderly_companion_v2" name="test_speed_limit_tracks_elderly_speed[0.3-0.35]" time="0.000" /><testcase classname="beidou_gazebo.test.test_elderly_companion_v2" name="test_speed_limit_tracks_elderly_speed[0.4-0.45]" time="0.000" /><testcase classname="beidou_gazebo.test.test_elderly_companion_v2" name="test_speed_limit_saturates_at_existing_dwb_maximum" time="0.000" /><testcase classname="beidou_gazebo.test.test_elderly_companion_v2" name="test_stopped_elderly_uses_low_cap_while_robot_finishes_target" time="0.000" /><testcase classname="beidou_gazebo.test.test_elderly_companion_v2" name="test_stopped_elderly_in_companion_range_disables_catchup_speed" time="0.000" /><testcase classname="beidou_gazebo.test.test_elderly_companion_v2" name="test_speed_limit_changes_gradually" time="0.000" /><testcase classname="beidou_gazebo.test.test_elderly_companion_v2" name="test_state_changes_only_inside_companion_range" time="0.000" /><testcase classname="beidou_gazebo.test.test_elderly_companion_v2" name="test_outer_action_retry_is_rate_limited" time="0.000" /><testcase classname="beidou_gazebo.test.test_elderly_companion_v2" name="test_retry_recovers_when_simulation_clock_resets" time="0.000" /><testcase classname="beidou_gazebo.test.test_elderly_companion_v2" name="test_first_follow_target_always_updates_active_goal" time="0.000" /><testcase classname="beidou_gazebo.test.test_elderly_companion_v2" name="test_small_follow_target_jitter_does_not_update_active_goal" time="0.000" /><testcase classname="beidou_gazebo.test.test_elderly_companion_v2" name="test_follow_target_translation_updates_active_goal" time="0.000" /><testcase classname="beidou_gazebo.test.test_elderly_companion_v2" name="test_follow_target_turn_updates_active_goal" time="0.000" /><testcase classname="beidou_gazebo.test.test_elderly_motion_estimator" name="test_startup_is_invalid_until_window_has_enough_data" time="0.000" /><testcase classname="beidou_gazebo.test.test_elderly_motion_estimator" name="test_windowed_fit_estimates_constant_speed[0.2]" time="0.000" /><testcase classname="beidou_gazebo.test.test_elderly_motion_estimator" name="test_windowed_fit_estimates_constant_speed[0.3]" time="0.000" /><testcase classname="beidou_gazebo.test.test_elderly_motion_estimator" name="test_windowed_fit_estimates_constant_speed[0.4]" time="0.000" /><testcase classname="beidou_gazebo.test.test_elderly_motion_estimator" name="test_regression_filters_position_noise" time="0.000" /><testcase classname="beidou_gazebo.test.test_elderly_motion_estimator" name="test_position_jump_is_rejected" time="0.000" /><testcase classname="beidou_gazebo.test.test_elderly_motion_estimator" name="test_timeout_sets_invalid_without_inventing_velocity" time="0.000" /><testcase classname="beidou_gazebo.test.test_elderly_motion_estimator" name="test_heading_freezes_after_motion_stops" time="0.000" /><testcase classname="beidou_gazebo.test.test_elderly_motion_estimator" name="test_high_rate_frame_jitter_does_not_break_window_estimation" time="0.001" /><testcase classname="beidou_gazebo.test.test_elderly_motion_estimator" name="test_consistent_samples_rebase_after_persistent_position_jump" time="0.000" /><testcase classname="beidou_gazebo.test.test_elderly_walker" name="test_straight_route_uses_configured_walking_speed" time="0.000" /><testcase classname="beidou_gazebo.test.test_elderly_walker" name="test_walking_speed_parameter_changes_command" time="0.000" /><testcase classname="beidou_gazebo.test.test_elderly_walker" name="test_runtime_walking_speed_range[0.0]" time="0.000" /><testcase classname="beidou_gazebo.test.test_elderly_walker" name="test_runtime_walking_speed_range[0.2]" time="0.000" /><testcase classname="beidou_gazebo.test.test_elderly_walker" name="test_runtime_walking_speed_range[0.3]" time="0.000" /><testcase classname="beidou_gazebo.test.test_elderly_walker" name="test_runtime_walking_speed_range[0.4]" time="0.000" /><testcase classname="beidou_gazebo.test.test_elderly_walker" name="test_runtime_walking_speed_range[1.0]" time="0.000" /><testcase classname="beidou_gazebo.test.test_elderly_walker" name="test_invalid_runtime_walking_speed_is_rejected[-0.01]" time="0.000" /><testcase classname="beidou_gazebo.test.test_elderly_walker" name="test_invalid_runtime_walking_speed_is_rejected[1.01]" time="0.000" /><testcase classname="beidou_gazebo.test.test_elderly_walker" name="test_invalid_runtime_walking_speed_is_rejected[0.3]" time="0.000" /><testcase classname="beidou_gazebo.test.test_elderly_walker" name="test_reaching_waypoint_advances_and_route_wraps" time="0.000" /><testcase classname="beidou_gazebo.test.test_elderly_walker" name="test_corner_keeps_moving_and_turns_toward_next_segment" time="0.000" /><testcase classname="beidou_gazebo.test.test_elderly_walker" name="test_angle_normalization[9.42477796076938-3.141592653589793]" time="0.000" /><testcase classname="beidou_gazebo.test.test_elderly_walker" name="test_angle_normalization[-9.42477796076938--3.141592653589793]" time="0.000" /><testcase classname="beidou_gazebo.test.test_elderly_walker" name="test_quaternion_yaw_extraction" time="0.000" /><testcase classname="beidou_gazebo.test.test_flake8" name="test_flake8" time="0.286"><failure message="AssertionError: Found 163 code style errors / warnings:&#10;  ./beidou_gazebo/elderly_guard_navigation.py:9:1: I100 Import statements are in the wrong order. 'from nav2_msgs.action import NavigateToPose' should be before 'from nav_msgs.msg import OccupancyGrid'&#10;  ./beidou_gazebo/elderly_guard_navigation.py:31:1: D204 1 blank line required after class docstring&#10;  ./beidou_gazebo/elderly_guard_navigation.py:111:100: E501 line too long (108 &gt; 99 characters)&#10;  ./beidou_gazebo/elderly_guard_navigation.py:115:100: E501 line too long (101 &gt; 99 characters)&#10;  ./beidou_gazebo/elderly_navigation_handoff.py:4:1: I201 Missing newline between import groups. 'import rclpy' is identified as Third Party and 'from enum import Enum' is identified as Stdlib.&#10;  ./beidou_gazebo/elderly_navigation_handoff.py:27:100: E501 line too long (103 &gt; 99 characters)&#10;  ./beidou_gazebo/elderly_navigation_handoff.py:34:100: E501 line too long (105 &gt; 99 characters)&#10;  ./beidou_gazebo/elderly_navigation_handoff.py:90:100: E501 line too long (113 &gt; 99 characters)&#10;  ./beidou_gazebo/elderly_navigation_handoff.py:97:100: E501 line too long (128 &gt; 99 characters)&#10;  ./launch/elderly_final.launch.py:9:1: E302 expected 2 blank lines, found 1&#10;  ./launch/elderly_final.launch.py:10:49: Q000 Double quotes found but single quotes preferred&#10;  ./launch/elderly_final.launch.py:11:52: Q000 Double quotes found but single quotes preferred&#10;  ./launch/elderly_final.launch.py:12:41: Q000 Double quotes found but single quotes preferred&#10;  ./launch/elderly_final.launch.py:12:51: Q000 Double quotes found but single quotes preferred&#10;  ./launch/elderly_final.launch.py:13:100: Q000 Double quotes found but single quotes preferred&#10;  ./launch/elderly_final.launch.py:13:100: E501 line too long (183 &gt; 99 characters)&#10;  ./launch/elderly_final.launch.py:13:110: Q000 Double quotes found but single quotes preferred&#10;  ./launch/elderly_final.launch.py:13:150: Q000 Double quotes found but single quotes preferred&#10;  ./launch/elderly_final.launch.py:13:161: Q000 Double quotes found but single quotes preferred&#10;  ./launch/elderly_final.launch.py:14:32: Q000 Double quotes found but single quotes preferred&#10;  ./launch/elderly_final.launch.py:14:60: Q000 Double quotes found but single quotes preferred&#10;  ./launch/elderly_final.launch.py:14:85: Q000 Double quotes found but single quotes preferred&#10;  ./launch/elderly_final.launch.py:14:100: E501 line too long (180 &gt; 99 characters)&#10;  ./launch/elderly_final.launch.py:14:111: Q000 Double quotes found but single quotes preferred&#10;  ./launch/elderly_final.launch.py:14:172: Q000 Double quotes found but single quotes preferred&#10;  ./launch/elderly_final.launch.py:15:35: Q000 Double quotes found but single quotes preferred&#10;  ./launch/elderly_final.launch.py:15:63: Q000 Double quotes found but single quotes preferred&#10;  ./launch/elderly_final.launch.py:15:88: Q000 Double quotes found but single quotes preferred&#10;  ./launch/elderly_final.launch.py:15:100: E501 line too long (183 &gt; 99 characters)&#10;  ./launch/elderly_final.launch.py:15:117: Q000 Double quotes found but single quotes preferred&#10;  ./launch/elderly_final.launch.py:15:175: Q000 Double quotes found but single quotes preferred&#10;  ./launch/elderly_final.launch.py:16:32: Q000 Double quotes found but single quotes preferred&#10;  ./launch/elderly_final.launch.py:16:60: Q000 Double quotes found but single quotes preferred&#10;  ./launch/elderly_final.launch.py:16:85: Q000 Double quotes found but single quotes preferred&#10;  ./launch/elderly_final.launch.py:16:100: E501 line too long (175 &gt; 99 characters)&#10;  ./launch/elderly_final.launch.py:16:111: Q000 Double quotes found but single quotes preferred&#10;  ./launch/elderly_final.launch.py:16:167: Q000 Double quotes found but single quotes preferred&#10;  ./launch/elderly_final.launch.py:17:30: Q000 Double quotes found but single quotes preferred&#10;  ./launch/elderly_final.launch.py:17:58: Q000 Double quotes found but single quotes preferred&#10;  ./launch/elderly_final.launch.py:17:83: Q000 Double quotes found but single quotes preferred&#10;  ./launch/elderly_final.launch.py:17:100: E501 line too long (168 &gt; 99 characters)&#10;  ./launch/elderly_final.launch.py:17:107: Q000 Double quotes found but single quotes preferred&#10;  ./launch/elderly_final.launch.py:17:160: Q000 Double quotes found but single quotes preferred&#10;  ./launch/elderly_final.launch.py:18:33: Q000 Double quotes found but single quotes preferred&#10;  ./launch/elderly_final.launch.py:18:61: Q000 Double quotes found but single quotes preferred&#10;  ./launch/elderly_final.launch.py:18:86: Q000 Double quotes found but single quotes preferred&#10;  ./launch/elderly_final.launch.py:18:100: E501 line too long (177 &gt; 99 characters)&#10;  ./launch/elderly_final.launch.py:18:113: Q000 Double quotes found but single quotes preferred&#10;  ./launch/elderly_final.launch.py:18:169: Q000 Double quotes found but single quotes preferred&#10;  ./launch/elderly_final.launch.py:19:29: Q000 Double quotes found but single quotes preferred&#10;  ./launch/elderly_final.launch.py:19:51: Q000 Double quotes found but single quotes preferred&#10;  ./launch/elderly_final.launch.py:19:86: Q000 Double quotes found but single quotes preferred&#10;  ./launch/elderly_final.launch.py:19:100: E501 line too long (277 &gt; 99 characters)&#10;  ./launch/elderly_final.launch.py:19:116: Q000 Double quotes found but single quotes preferred&#10;  ./launch/elderly_final.launch.py:19:123: Q000 Double quotes found but single quotes preferred&#10;  ./launch/elderly_final.launch.py:19:128: Q000 Double quotes found but single quotes preferred&#10;  ./launch/elderly_final.launch.py:19:135: Q000 Double quotes found but single quotes preferred&#10;  ./launch/elderly_final.launch.py:19:140: Q000 Double quotes found but single quotes preferred&#10;  ./launch/elderly_final.launch.py:19:147: Q000 Double quotes found but single quotes preferred&#10;  ./launch/elderly_final.launch.py:19:155: Q000 Double quotes found but single quotes preferred&#10;  ./launch/elderly_final.launch.py:19:165: Q000 Double quotes found but single quotes preferred&#10;  ./launch/elderly_final.launch.py:19:170: Q000 Double quotes found but single quotes preferred&#10;  ./launch/elderly_final.launch.py:19:181: Q000 Double quotes found but single quotes preferred&#10;  ./launch/elderly_final.launch.py:19:186: Q000 Double quotes found but single quotes preferred&#10;  ./launch/elderly_final.launch.py:19:195: Q000 Double quotes found but single quotes preferred&#10;  ./launch/elderly_final.launch.py:19:200: Q000 Double quotes found but single quotes preferred&#10;  ./launch/elderly_final.launch.py:19:214: Q000 Double quotes found but single quotes preferred&#10;  ./launch/elderly_final.launch.py:19:227: Q000 Double quotes found but single quotes preferred&#10;  ./launch/elderly_final.launch.py:19:247: Q000 Double quotes found but single quotes preferred&#10;  ./launch/elderly_final.launch.py:19:269: Q000 Double quotes found but single quotes preferred&#10;  ./launch/elderly_final.launch.py:20:100: E501 line too long (115 &gt; 99 characters)&#10;  ./launch/elderly_home.launch.py:9:1: E302 expected 2 blank lines, found 1&#10;  ./launch/elderly_home.launch.py:10:49: Q000 Double quotes found but single quotes preferred&#10;  ./launch/elderly_home.launch.py:11:52: Q000 Double quotes found but single quotes preferred&#10;  ./launch/elderly_home.launch.py:12:41: Q000 Double quotes found but single quotes preferred&#10;  ./launch/elderly_home.launch.py:12:51: Q000 Double quotes found but single quotes preferred&#10;  ./launch/elderly_home.launch.py:13:100: Q000 Double quotes found but single quotes preferred&#10;  ./launch/elderly_home.launch.py:13:100: E501 line too long (183 &gt; 99 characters)&#10;  ./launch/elderly_home.launch.py:13:110: Q000 Double quotes found but single quotes preferred&#10;  ./launch/elderly_home.launch.py:13:150: Q000 Double quotes found but single quotes preferred&#10;  ./launch/elderly_home.launch.py:13:161: Q000 Double quotes found but single quotes preferred&#10;  ./launch/elderly_home.launch.py:14:32: Q000 Double quotes found but single quotes preferred&#10;  ./launch/elderly_home.launch.py:14:60: Q000 Double quotes found but single quotes preferred&#10;  ./launch/elderly_home.launch.py:14:85: Q000 Double quotes found but single quotes preferred&#10;  ./launch/elderly_home.launch.py:14:100: E501 line too long (180 &gt; 99 characters)&#10;  ./launch/elderly_home.launch.py:14:111: Q000 Double quotes found but single quotes preferred&#10;  ./launch/elderly_home.launch.py:14:172: Q000 Double quotes found but single quotes preferred&#10;  ./launch/elderly_home.launch.py:15:35: Q000 Double quotes found but single quotes preferred&#10;  ./launch/elderly_home.launch.py:15:63: Q000 Double quotes found but single quotes preferred&#10;  ./launch/elderly_home.launch.py:15:88: Q000 Double quotes found but single quotes preferred&#10;  ./launch/elderly_home.launch.py:15:100: E501 line too long (183 &gt; 99 characters)&#10;  ./launch/elderly_home.launch.py:15:117: Q000 Double quotes found but single quotes preferred&#10;  ./launch/elderly_home.launch.py:15:175: Q000 Double quotes found but single quotes preferred&#10;  ./launch/elderly_home.launch.py:16:32: Q000 Double quotes found but single quotes preferred&#10;  ./launch/elderly_home.launch.py:16:60: Q000 Double quotes found but single quotes preferred&#10;  ./launch/elderly_home.launch.py:16:85: Q000 Double quotes found but single quotes preferred&#10;  ./launch/elderly_home.launch.py:16:100: E501 line too long (175 &gt; 99 characters)&#10;  ./launch/elderly_home.launch.py:16:111: Q000 Double quotes found but single quotes preferred&#10;  ./launch/elderly_home.launch.py:16:167: Q000 Double quotes found but single quotes preferred&#10;  ./launch/elderly_home.launch.py:17:30: Q000 Double quotes found but single quotes preferred&#10;  ./launch/elderly_home.launch.py:17:58: Q000 Double quotes found but single quotes preferred&#10;  ./launch/elderly_home.launch.py:17:83: Q000 Double quotes found but single quotes preferred&#10;  ./launch/elderly_home.launch.py:17:100: E501 line too long (168 &gt; 99 characters)&#10;  ./launch/elderly_home.launch.py:17:107: Q000 Double quotes found but single quotes preferred&#10;  ./launch/elderly_home.launch.py:17:160: Q000 Double quotes found but single quotes preferred&#10;  ./launch/elderly_home.launch.py:18:33: Q000 Double quotes found but single quotes preferred&#10;  ./launch/elderly_home.launch.py:18:61: Q000 Double quotes found but single quotes preferred&#10;  ./launch/elderly_home.launch.py:18:86: Q000 Double quotes found but single quotes preferred&#10;  ./launch/elderly_home.launch.py:18:100: E501 line too long (177 &gt; 99 characters)&#10;  ./launch/elderly_home.launch.py:18:113: Q000 Double quotes found but single quotes preferred&#10;  ./launch/elderly_home.launch.py:18:169: Q000 Double quotes found but single quotes preferred&#10;  ./launch/elderly_home.launch.py:19:29: Q000 Double quotes found but single quotes preferred&#10;  ./launch/elderly_home.launch.py:19:51: Q000 Double quotes found but single quotes preferred&#10;  ./launch/elderly_home.launch.py:19:86: Q000 Double quotes found but single quotes preferred&#10;  ./launch/elderly_home.launch.py:19:100: E501 line too long (277 &gt; 99 characters)&#10;  ./launch/elderly_home.launch.py:19:116: Q000 Double quotes found but single quotes preferred&#10;  ./launch/elderly_home.launch.py:19:123: Q000 Double quotes found but single quotes preferred&#10;  ./launch/elderly_home.launch.py:19:128: Q000 Double quotes found but single quotes preferred&#10;  ./launch/elderly_home.launch.py:19:135: Q000 Double quotes found but single quotes preferred&#10;  ./launch/elderly_home.launch.py:19:140: Q000 Double quotes found but single quotes preferred&#10;  ./launch/elderly_home.launch.py:19:147: Q000 Double quotes found but single quotes preferred&#10;  ./launch/elderly_home.launch.py:19:155: Q000 Double quotes found but single quotes preferred&#10;  ./launch/elderly_home.launch.py:19:165: Q000 Double quotes found but single quotes preferred&#10;  ./launch/elderly_home.launch.py:19:170: Q000 Double quotes found but single quotes preferred&#10;  ./launch/elderly_home.launch.py:19:181: Q000 Double quotes found but single quotes preferred&#10;  ./launch/elderly_home.launch.py:19:186: Q000 Double quotes found but single quotes preferred&#10;  ./launch/elderly_home.launch.py:19:195: Q000 Double quotes found but single quotes preferred&#10;  ./launch/elderly_home.launch.py:19:200: Q000 Double quotes found but single quotes preferred&#10;  ./launch/elderly_home.launch.py:19:214: Q000 Double quotes found but single quotes preferred&#10;  ./launch/elderly_home.launch.py:19:227: Q000 Double quotes found but single quotes preferred&#10;  ./launch/elderly_home.launch.py:19:247: Q000 Double quotes found but single quotes preferred&#10;  ./launch/elderly_home.launch.py:19:269: Q000 Double quotes found but single quotes preferred&#10;  ./launch/elderly_home.launch.py:20:100: E501 line too long (115 &gt; 99 characters)&#10;  ./launch/navigation_handoff.launch.py:23:100: E501 line too long (110 &gt; 99 characters)&#10;  ./launch/navigation_handoff.launch.py:24:100: E501 line too long (110 &gt; 99 characters)&#10;  ./launch/navigation_handoff.launch.py:25:100: E501 line too long (110 &gt; 99 characters)&#10;  ./launch/slam_mapping.launch.py:10:49: Q000 Double quotes found but single quotes preferred&#10;  ./launch/slam_mapping.launch.py:11:54: Q000 Double quotes found but single quotes preferred&#10;  ./launch/slam_mapping.launch.py:12:47: Q000 Double quotes found but single quotes preferred&#10;  ./launch/slam_mapping.launch.py:12:57: Q000 Double quotes found but single quotes preferred&#10;  ./launch/slam_mapping.launch.py:18:17: Q000 Double quotes found but single quotes preferred&#10;  ./launch/slam_mapping.launch.py:19:17: Q000 Double quotes found but single quotes preferred&#10;  ./launch/slam_mapping.launch.py:23:13: Q000 Double quotes found but single quotes preferred&#10;  ./launch/slam_mapping.launch.py:24:13: Q000 Double quotes found but single quotes preferred&#10;  ./launch/slam_mapping.launch.py:24:29: Q000 Double quotes found but single quotes preferred&#10;  ./launch/slam_mapping.launch.py:25:13: Q000 Double quotes found but single quotes preferred&#10;  ./launch/slam_mapping.launch.py:25:26: Q000 Double quotes found but single quotes preferred&#10;  ./launch/slam_mapping.launch.py:26:13: Q000 Double quotes found but single quotes preferred&#10;  ./launch/slam_mapping.launch.py:26:38: Q000 Double quotes found but single quotes preferred&#10;  ./setup.py:16:23: Q000 Double quotes found but single quotes preferred&#10;  ./setup.py:16:46: Q000 Double quotes found but single quotes preferred&#10;  ./setup.py:16:62: Q000 Double quotes found but single quotes preferred&#10;  ./setup.py:17:23: Q000 Double quotes found but single quotes preferred&#10;  ./setup.py:17:46: Q000 Double quotes found but single quotes preferred&#10;  ./setup.py:17:62: Q000 Double quotes found but single quotes preferred&#10;  ./setup.py:18:23: Q000 Double quotes found but single quotes preferred&#10;  ./setup.py:18:46: Q000 Double quotes found but single quotes preferred&#10;  ./setup.py:18:56: Q000 Double quotes found but single quotes preferred&#10;  ./setup.py:18:78: Q000 Double quotes found but single quotes preferred&#10;  ./setup.py:18:100: E501 line too long (103 &gt; 99 characters)&#10;  ./setup.py:19:23: Q000 Double quotes found but single quotes preferred&#10;  ./setup.py:19:46: Q000 Double quotes found but single quotes preferred&#10;  ./setup.py:19:62: Q000 Double quotes found but single quotes preferred&#10;assert 1 == 0">test/test_flake8.py:23: in test_flake8
    assert rc == 0, \
E   AssertionError: Found 163 code style errors / warnings:
E     ./beidou_gazebo/elderly_guard_navigation.py:9:1: I100 Import statements are in the wrong order. 'from nav2_msgs.action import NavigateToPose' should be before 'from nav_msgs.msg import OccupancyGrid'
E     ./beidou_gazebo/elderly_guard_navigation.py:31:1: D204 1 blank line required after class docstring
E     ./beidou_gazebo/elderly_guard_navigation.py:111:100: E501 line too long (108 &gt; 99 characters)
E     ./beidou_gazebo/elderly_guard_navigation.py:115:100: E501 line too long (101 &gt; 99 characters)
E     ./beidou_gazebo/elderly_navigation_handoff.py:4:1: I201 Missing newline between import groups. 'import rclpy' is identified as Third Party and 'from enum import Enum' is identified as Stdlib.
E     ./beidou_gazebo/elderly_navigation_handoff.py:27:100: E501 line too long (103 &gt; 99 characters)
E     ./beidou_gazebo/elderly_navigation_handoff.py:34:100: E501 line too long (105 &gt; 99 characters)
E     ./beidou_gazebo/elderly_navigation_handoff.py:90:100: E501 line too long (113 &gt; 99 characters)
E     ./beidou_gazebo/elderly_navigation_handoff.py:97:100: E501 line too long (128 &gt; 99 characters)
E     ./launch/elderly_final.launch.py:9:1: E302 expected 2 blank lines, found 1
E     ./launch/elderly_final.launch.py:10:49: Q000 Double quotes found but single quotes preferred
E     ./launch/elderly_final.launch.py:11:52: Q000 Double quotes found but single quotes preferred
E     ./launch/elderly_final.launch.py:12:41: Q000 Double quotes found but single quotes preferred
E     ./launch/elderly_final.launch.py:12:51: Q000 Double quotes found but single quotes preferred
E     ./launch/elderly_final.launch.py:13:100: Q000 Double quotes found but single quotes preferred
E     ./launch/elderly_final.launch.py:13:100: E501 line too long (183 &gt; 99 characters)
E     ./launch/elderly_final.launch.py:13:110: Q000 Double quotes found but single quotes preferred
E     ./launch/elderly_final.launch.py:13:150: Q000 Double quotes found but single quotes preferred
E     ./launch/elderly_final.launch.py:13:161: Q000 Double quotes found but single quotes preferred
E     ./launch/elderly_final.launch.py:14:32: Q000 Double quotes found but single quotes preferred
E     ./launch/elderly_final.launch.py:14:60: Q000 Double quotes found but single quotes preferred
E     ./launch/elderly_final.launch.py:14:85: Q000 Double quotes found but single quotes preferred
E     ./launch/elderly_final.launch.py:14:100: E501 line too long (180 &gt; 99 characters)
E     ./launch/elderly_final.launch.py:14:111: Q000 Double quotes found but single quotes preferred
E     ./launch/elderly_final.launch.py:14:172: Q000 Double quotes found but single quotes preferred
E     ./launch/elderly_final.launch.py:15:35: Q000 Double quotes found but single quotes preferred
E     ./launch/elderly_final.launch.py:15:63: Q000 Double quotes found but single quotes preferred
E     ./launch/elderly_final.launch.py:15:88: Q000 Double quotes found but single quotes preferred
E     ./launch/elderly_final.launch.py:15:100: E501 line too long (183 &gt; 99 characters)
E     ./launch/elderly_final.launch.py:15:117: Q000 Double quotes found but single quotes preferred
E     ./launch/elderly_final.launch.py:15:175: Q000 Double quotes found but single quotes preferred
E     ./launch/elderly_final.launch.py:16:32: Q000 Double quotes found but single quotes preferred
E     ./launch/elderly_final.launch.py:16:60: Q000 Double quotes found but single quotes preferred
E     ./launch/elderly_final.launch.py:16:85: Q000 Double quotes found but single quotes preferred
E     ./launch/elderly_final.launch.py:16:100: E501 line too long (175 &gt; 99 characters)
E     ./launch/elderly_final.launch.py:16:111: Q000 Double quotes found but single quotes preferred
E     ./launch/elderly_final.launch.py:16:167: Q000 Double quotes found but single quotes preferred
E     ./launch/elderly_final.launch.py:17:30: Q000 Double quotes found but single quotes preferred
E     ./launch/elderly_final.launch.py:17:58: Q000 Double quotes found but single quotes preferred
E     ./launch/elderly_final.launch.py:17:83: Q000 Double quotes found but single quotes preferred
E     ./launch/elderly_final.launch.py:17:100: E501 line too long (168 &gt; 99 characters)
E     ./launch/elderly_final.launch.py:17:107: Q000 Double quotes found but single quotes preferred
E     ./launch/elderly_final.launch.py:17:160: Q000 Double quotes found but single quotes preferred
E     ./launch/elderly_final.launch.py:18:33: Q000 Double quotes found but single quotes preferred
E     ./launch/elderly_final.launch.py:18:61: Q000 Double quotes found but single quotes preferred
E     ./launch/elderly_final.launch.py:18:86: Q000 Double quotes found but single quotes preferred
E     ./launch/elderly_final.launch.py:18:100: E501 line too long (177 &gt; 99 characters)
E     ./launch/elderly_final.launch.py:18:113: Q000 Double quotes found but single quotes preferred
E     ./launch/elderly_final.launch.py:18:169: Q000 Double quotes found but single quotes preferred
E     ./launch/elderly_final.launch.py:19:29: Q000 Double quotes found but single quotes preferred
E     ./launch/elderly_final.launch.py:19:51: Q000 Double quotes found but single quotes preferred
E     ./launch/elderly_final.launch.py:19:86: Q000 Double quotes found but single quotes preferred
E     ./launch/elderly_final.launch.py:19:100: E501 line too long (277 &gt; 99 characters)
E     ./launch/elderly_final.launch.py:19:116: Q000 Double quotes found but single quotes preferred
E     ./launch/elderly_final.launch.py:19:123: Q000 Double quotes found but single quotes preferred
E     ./launch/elderly_final.launch.py:19:128: Q000 Double quotes found but single quotes preferred
E     ./launch/elderly_final.launch.py:19:135: Q000 Double quotes found but single quotes preferred
E     ./launch/elderly_final.launch.py:19:140: Q000 Double quotes found but single quotes preferred
E     ./launch/elderly_final.launch.py:19:147: Q000 Double quotes found but single quotes preferred
E     ./launch/elderly_final.launch.py:19:155: Q000 Double quotes found but single quotes preferred
E     ./launch/elderly_final.launch.py:19:165: Q000 Double quotes found but single quotes preferred
E     ./launch/elderly_final.launch.py:19:170: Q000 Double quotes found but single quotes preferred
E     ./launch/elderly_final.launch.py:19:181: Q000 Double quotes found but single quotes preferred
E     ./launch/elderly_final.launch.py:19:186: Q000 Double quotes found but single quotes preferred
E     ./launch/elderly_final.launch.py:19:195: Q000 Double quotes found but single quotes preferred
E     ./launch/elderly_final.launch.py:19:200: Q000 Double quotes found but single quotes preferred
E     ./launch/elderly_final.launch.py:19:214: Q000 Double quotes found but single quotes preferred
E     ./launch/elderly_final.launch.py:19:227: Q000 Double quotes found but single quotes preferred
E     ./launch/elderly_final.launch.py:19:247: Q000 Double quotes found but single quotes preferred
E     ./launch/elderly_final.launch.py:19:269: Q000 Double quotes found but single quotes preferred
E     ./launch/elderly_final.launch.py:20:100: E501 line too long (115 &gt; 99 characters)
E     ./launch/elderly_home.launch.py:9:1: E302 expected 2 blank lines, found 1
E     ./launch/elderly_home.launch.py:10:49: Q000 Double quotes found but single quotes preferred
E     ./launch/elderly_home.launch.py:11:52: Q000 Double quotes found but single quotes preferred
E     ./launch/elderly_home.launch.py:12:41: Q000 Double quotes found but single quotes preferred
E     ./launch/elderly_home.launch.py:12:51: Q000 Double quotes found but single quotes preferred
E     ./launch/elderly_home.launch.py:13:100: Q000 Double quotes found but single quotes preferred
E     ./launch/elderly_home.launch.py:13:100: E501 line too long (183 &gt; 99 characters)
E     ./launch/elderly_home.launch.py:13:110: Q000 Double quotes found but single quotes preferred
E     ./launch/elderly_home.launch.py:13:150: Q000 Double quotes found but single quotes preferred
E     ./launch/elderly_home.launch.py:13:161: Q000 Double quotes found but single quotes preferred
E     ./launch/elderly_home.launch.py:14:32: Q000 Double quotes found but single quotes preferred
E     ./launch/elderly_home.launch.py:14:60: Q000 Double quotes found but single quotes preferred
E     ./launch/elderly_home.launch.py:14:85: Q000 Double quotes found but single quotes preferred
E     ./launch/elderly_home.launch.py:14:100: E501 line too long (180 &gt; 99 characters)
E     ./launch/elderly_home.launch.py:14:111: Q000 Double quotes found but single quotes preferred
E     ./launch/elderly_home.launch.py:14:172: Q000 Double quotes found but single quotes preferred
E     ./launch/elderly_home.launch.py:15:35: Q000 Double quotes found but single quotes preferred
E     ./launch/elderly_home.launch.py:15:63: Q000 Double quotes found but single quotes preferred
E     ./launch/elderly_home.launch.py:15:88: Q000 Double quotes found but single quotes preferred
E     ./launch/elderly_home.launch.py:15:100: E501 line too long (183 &gt; 99 characters)
E     ./launch/elderly_home.launch.py:15:117: Q000 Double quotes found but single quotes preferred
E     ./launch/elderly_home.launch.py:15:175: Q000 Double quotes found but single quotes preferred
E     ./launch/elderly_home.launch.py:16:32: Q000 Double quotes found but single quotes preferred
E     ./launch/elderly_home.launch.py:16:60: Q000 Double quotes found but single quotes preferred
E     ./launch/elderly_home.launch.py:16:85: Q000 Double quotes found but single quotes preferred
E     ./launch/elderly_home.launch.py:16:100: E501 line too long (175 &gt; 99 characters)
E     ./launch/elderly_home.launch.py:16:111: Q000 Double quotes found but single quotes preferred
E     ./launch/elderly_home.launch.py:16:167: Q000 Double quotes found but single quotes preferred
E     ./launch/elderly_home.launch.py:17:30: Q000 Double quotes found but single quotes preferred
E     ./launch/elderly_home.launch.py:17:58: Q000 Double quotes found but single quotes preferred
E     ./launch/elderly_home.launch.py:17:83: Q000 Double quotes found but single quotes preferred
E     ./launch/elderly_home.launch.py:17:100: E501 line too long (168 &gt; 99 characters)
E     ./launch/elderly_home.launch.py:17:107: Q000 Double quotes found but single quotes preferred
E     ./launch/elderly_home.launch.py:17:160: Q000 Double quotes found but single quotes preferred
E     ./launch/elderly_home.launch.py:18:33: Q000 Double quotes found but single quotes preferred
E     ./launch/elderly_home.launch.py:18:61: Q000 Double quotes found but single quotes preferred
E     ./launch/elderly_home.launch.py:18:86: Q000 Double quotes found but single quotes preferred
E     ./launch/elderly_home.launch.py:18:100: E501 line too long (177 &gt; 99 characters)
E     ./launch/elderly_home.launch.py:18:113: Q000 Double quotes found but single quotes preferred
E     ./launch/elderly_home.launch.py:18:169: Q000 Double quotes found but single quotes preferred
E     ./launch/elderly_home.launch.py:19:29: Q000 Double quotes found but single quotes preferred
E     ./launch/elderly_home.launch.py:19:51: Q000 Double quotes found but single quotes preferred
E     ./launch/elderly_home.launch.py:19:86: Q000 Double quotes found but single quotes preferred
E     ./launch/elderly_home.launch.py:19:100: E501 line too long (277 &gt; 99 characters)
E     ./launch/elderly_home.launch.py:19:116: Q000 Double quotes found but single quotes preferred
E     ./launch/elderly_home.launch.py:19:123: Q000 Double quotes found but single quotes preferred
E     ./launch/elderly_home.launch.py:19:128: Q000 Double quotes found but single quotes preferred
E     ./launch/elderly_home.launch.py:19:135: Q000 Double quotes found but single quotes preferred
E     ./launch/elderly_home.launch.py:19:140: Q000 Double quotes found but single quotes preferred
E     ./launch/elderly_home.launch.py:19:147: Q000 Double quotes found but single quotes preferred
E     ./launch/elderly_home.launch.py:19:155: Q000 Double quotes found but single quotes preferred
E     ./launch/elderly_home.launch.py:19:165: Q000 Double quotes found but single quotes preferred
E     ./launch/elderly_home.launch.py:19:170: Q000 Double quotes found but single quotes preferred
E     ./launch/elderly_home.launch.py:19:181: Q000 Double quotes found but single quotes preferred
E     ./launch/elderly_home.launch.py:19:186: Q000 Double quotes found but single quotes preferred
E     ./launch/elderly_home.launch.py:19:195: Q000 Double quotes found but single quotes preferred
E     ./launch/elderly_home.launch.py:19:200: Q000 Double quotes found but single quotes preferred
E     ./launch/elderly_home.launch.py:19:214: Q000 Double quotes found but single quotes preferred
E     ./launch/elderly_home.launch.py:19:227: Q000 Double quotes found but single quotes preferred
E     ./launch/elderly_home.launch.py:19:247: Q000 Double quotes found but single quotes preferred
E     ./launch/elderly_home.launch.py:19:269: Q000 Double quotes found but single quotes preferred
E     ./launch/elderly_home.launch.py:20:100: E501 line too long (115 &gt; 99 characters)
E     ./launch/navigation_handoff.launch.py:23:100: E501 line too long (110 &gt; 99 characters)
E     ./launch/navigation_handoff.launch.py:24:100: E501 line too long (110 &gt; 99 characters)
E     ./launch/navigation_handoff.launch.py:25:100: E501 line too long (110 &gt; 99 characters)
E     ./launch/slam_mapping.launch.py:10:49: Q000 Double quotes found but single quotes preferred
E     ./launch/slam_mapping.launch.py:11:54: Q000 Double quotes found but single quotes preferred
E     ./launch/slam_mapping.launch.py:12:47: Q000 Double quotes found but single quotes preferred
E     ./launch/slam_mapping.launch.py:12:57: Q000 Double quotes found but single quotes preferred
E     ./launch/slam_mapping.launch.py:18:17: Q000 Double quotes found but single quotes preferred
E     ./launch/slam_mapping.launch.py:19:17: Q000 Double quotes found but single quotes preferred
E     ./launch/slam_mapping.launch.py:23:13: Q000 Double quotes found but single quotes preferred
E     ./launch/slam_mapping.launch.py:24:13: Q000 Double quotes found but single quotes preferred
E     ./launch/slam_mapping.launch.py:24:29: Q000 Double quotes found but single quotes preferred
E     ./launch/slam_mapping.launch.py:25:13: Q000 Double quotes found but single quotes preferred
E     ./launch/slam_mapping.launch.py:25:26: Q000 Double quotes found but single quotes preferred
E     ./launch/slam_mapping.launch.py:26:13: Q000 Double quotes found but single quotes preferred
E     ./launch/slam_mapping.launch.py:26:38: Q000 Double quotes found but single quotes preferred
E     ./setup.py:16:23: Q000 Double quotes found but single quotes preferred
E     ./setup.py:16:46: Q000 Double quotes found but single quotes preferred
E     ./setup.py:16:62: Q000 Double quotes found but single quotes preferred
E     ./setup.py:17:23: Q000 Double quotes found but single quotes preferred
E     ./setup.py:17:46: Q000 Double quotes found but single quotes preferred
E     ./setup.py:17:62: Q000 Double quotes found but single quotes preferred
E     ./setup.py:18:23: Q000 Double quotes found but single quotes preferred
E     ./setup.py:18:46: Q000 Double quotes found but single quotes preferred
E     ./setup.py:18:56: Q000 Double quotes found but single quotes preferred
E     ./setup.py:18:78: Q000 Double quotes found but single quotes preferred
E     ./setup.py:18:100: E501 line too long (103 &gt; 99 characters)
E     ./setup.py:19:23: Q000 Double quotes found but single quotes preferred
E     ./setup.py:19:46: Q000 Double quotes found but single quotes preferred
E     ./setup.py:19:62: Q000 Double quotes found but single quotes preferred
E   assert 1 == 0</failure></testcase><testcase classname="beidou_gazebo.test.test_geofence" name="test_safe_far_from_all_obstacles" time="0.000" /><testcase classname="beidou_gazebo.test.test_geofence" name="test_table_warning" time="0.000" /><testcase classname="beidou_gazebo.test.test_geofence" name="test_table_danger_and_collision_outside_concept" time="0.000" /><testcase classname="beidou_gazebo.test.test_geofence" name="test_flowerbed_zone" time="0.000" /><testcase classname="beidou_gazebo.test.test_geofence" name="test_overlapping_flowerbed_and_table_take_highest_risk" time="0.000" /><testcase classname="beidou_gazebo.test.test_geofence" name="test_wall_right_zone" time="0.000" /><testcase classname="beidou_gazebo.test.test_geofence" name="test_point_in_polygon_boundary_and_interior" time="0.000" /><testcase classname="beidou_gazebo.test.test_geofence" name="test_loaded_default_configuration_contains_all_nine_zones" time="0.001" /><testcase classname="beidou_gazebo.test.test_geofence" name="test_invalid_frame_is_not_a_map_position" time="0.000" /><testcase classname="beidou_gazebo.test.test_geofence" name="test_position_timeout_is_not_fresh" time="0.000" /><testcase classname="beidou_gazebo.test.test_guard_navigation" name="test_safe_to_alert" time="0.000" /><testcase classname="beidou_gazebo.test.test_guard_navigation" name="test_alert_to_navigating" time="0.000" /><testcase classname="beidou_gazebo.test.test_guard_navigation" name="test_navigating_to_guarding" time="0.000" /><testcase classname="beidou_gazebo.test.test_guard_navigation" name="test_navigating_to_navigation_failed" time="0.000" /><testcase classname="beidou_gazebo.test.test_guard_navigation" name="test_continuous_out_of_bounds_does_not_retrigger_goal" time="0.000" /><testcase classname="beidou_gazebo.test.test_guard_navigation" name="test_returning_inside_restores_safe" time="0.000" /><testcase classname="beidou_gazebo.test.test_guard_navigation" name="test_guard_goal_is_on_robot_side_and_faces_elderly" time="0.000" /><testcase classname="beidou_gazebo.test.test_guard_navigation" name="test_guard_goal_keeps_requested_distance[0.0-0.0-10.0-10.0]" time="0.001" /><testcase classname="beidou_gazebo.test.test_guard_navigation" name="test_guard_goal_keeps_requested_distance[10.0-0.0-0.0-10.0]" time="0.000" /><testcase classname="beidou_gazebo.test.test_guard_navigation" name="test_coincident_positions_have_deterministic_fallback" time="0.000" /><testcase classname="beidou_gazebo.test.test_guard_navigation" name="test_only_safe_to_out_of_bounds_is_a_trigger[True-False-True]" time="0.000" /><testcase classname="beidou_gazebo.test.test_guard_navigation" name="test_only_safe_to_out_of_bounds_is_a_trigger[True-True-False]" time="0.000" /><testcase classname="beidou_gazebo.test.test_guard_navigation" name="test_only_safe_to_out_of_bounds_is_a_trigger[False-False-False]" time="0.000" /><testcase classname="beidou_gazebo.test.test_guard_navigation" name="test_only_safe_to_out_of_bounds_is_a_trigger[False-True-False]" time="0.000" /><testcase classname="beidou_gazebo.test.test_guard_navigation" name="test_only_safe_to_out_of_bounds_is_a_trigger[None-False-False]" time="0.000" /><testcase classname="beidou_gazebo.test.test_pep257" name="test_pep257" time="0.176"><failure message="AssertionError: Found code style errors / warnings&#10;assert 1 == 0">test/test_pep257.py:23: in test_pep257
    assert rc == 0, 'Found code style errors / warnings'
E   AssertionError: Found code style errors / warnings
E   assert 1 == 0</failure></testcase><testcase classname="beidou_gazebo.test.test_voice_alarm" name="test_safe_to_out_of_bounds_triggers_once" time="0.000" /><testcase classname="beidou_gazebo.test.test_voice_alarm" name="test_return_to_safe_rearms_alarm" time="0.000" /><testcase classname="beidou_gazebo.test.test_voice_alarm" name="test_initial_out_of_bounds_does_not_trigger_without_safe_baseline" time="0.000" /><testcase classname="beidou_gazebo.test.test_voice_alarm" name="test_safe_updates_do_not_trigger" time="0.000" /><testcase classname="beidou_gazebo.test.test_voice_alarm" name="test_piper_dependencies_are_reported" time="0.001" /></testsuite></testsuites>